<?xml version="1.0" encoding="UTF-8"?>
<testng-results skipped="0" failed="0" total="1" passed="1">
  <reporter-output>
  </reporter-output>
  <suite name="Default suite" duration-ms="2147" started-at="2017-07-18T08:51:45Z" finished-at="2017-07-18T08:51:48Z">
    <groups>
    </groups>
    <test name="Default test" duration-ms="2147" started-at="2017-07-18T08:51:45Z" finished-at="2017-07-18T08:51:48Z">
      <class name="version3">
        <test-method status="PASS" signature="setBaseUri()[pri:0, instance:version3@27efef64]" name="setBaseUri" is-config="true" duration-ms="420" started-at="2017-07-18T14:21:45Z" finished-at="2017-07-18T14:21:46Z">
          <reporter-output>
          </reporter-output>
        </test-method> <!-- setBaseUri -->
        <test-method status="PASS" signature="boardtestStatusCode()[pri:1, instance:version3@27efef64]" name="boardtestStatusCode" duration-ms="1714" started-at="2017-07-18T14:21:46Z" finished-at="2017-07-18T14:21:48Z">
          <reporter-output>
          </reporter-output>
        </test-method> <!-- boardtestStatusCode -->
      </class> <!-- version3 -->
    </test> <!-- Default test -->
  </suite> <!-- Default suite -->
</testng-results>
