<?xml version="1.0" encoding="UTF-8"?>
<testng-results skipped="0" failed="1" total="7" passed="6">
  <reporter-output>
  </reporter-output>
  <suite name="Default suite" duration-ms="4580" started-at="2017-07-19T09:02:24Z" finished-at="2017-07-19T09:02:29Z">
    <groups>
    </groups>
    <test name="Default test" duration-ms="4580" started-at="2017-07-19T09:02:24Z" finished-at="2017-07-19T09:02:29Z">
      <class name="version1">
        <test-method status="PASS" signature="setBaseUri()[pri:0, instance:version1@29774679]" name="setBaseUri" is-config="true" duration-ms="760" started-at="2017-07-19T14:32:24Z" finished-at="2017-07-19T14:32:25Z">
          <reporter-output>
          </reporter-output>
        </test-method> <!-- setBaseUri -->
        <test-method status="PASS" signature="moveplayer()[pri:0, instance:version1@29774679]" name="moveplayer" duration-ms="973" started-at="2017-07-19T14:32:25Z" finished-at="2017-07-19T14:32:26Z">
          <reporter-output>
          </reporter-output>
        </test-method> <!-- moveplayer -->
        <test-method status="FAIL" signature="boardtestStatusCode()[pri:1, instance:version1@29774679]" name="boardtestStatusCode" duration-ms="1882" started-at="2017-07-19T14:32:26Z" finished-at="2017-07-19T14:32:28Z">
          <exception class="java.lang.AssertionError">
            <message>
              <![CDATA[1 expectation failed.
JSON path response.board[8].id doesn't match.
Expected: 7079
  Actual: 7079
]]>
            </message>
            <full-stacktrace>
              <![CDATA[java.lang.AssertionError: 1 expectation failed.
JSON path response.board[8].id doesn't match.
Expected: 7079
  Actual: 7079

	at sun.reflect.NativeConstructorAccessorImpl.newInstance0(Native Method)
	at sun.reflect.NativeConstructorAccessorImpl.newInstance(NativeConstructorAccessorImpl.java:62)
	at sun.reflect.DelegatingConstructorAccessorImpl.newInstance(DelegatingConstructorAccessorImpl.java:45)
	at java.lang.reflect.Constructor.newInstance(Constructor.java:423)
	at org.codehaus.groovy.reflection.CachedConstructor.invoke(CachedConstructor.java:80)
	at org.codehaus.groovy.reflection.CachedConstructor.doConstructorInvoke(CachedConstructor.java:74)
	at org.codehaus.groovy.runtime.callsite.ConstructorSite$ConstructorSiteNoUnwrap.callConstructor(ConstructorSite.java:84)
	at org.codehaus.groovy.runtime.callsite.CallSiteArray.defaultCallConstructor(CallSiteArray.java:60)
	at org.codehaus.groovy.runtime.callsite.AbstractCallSite.callConstructor(AbstractCallSite.java:235)
	at org.codehaus.groovy.runtime.callsite.AbstractCallSite.callConstructor(AbstractCallSite.java:247)
	at com.jayway.restassured.internal.ResponseSpecificationImpl$HamcrestAssertionClosure.validate(ResponseSpecificationImpl.groovy:598)
	at com.jayway.restassured.internal.ResponseSpecificationImpl$HamcrestAssertionClosure$validate$1.call(Unknown Source)
	at org.codehaus.groovy.runtime.callsite.CallSiteArray.defaultCall(CallSiteArray.java:48)
	at org.codehaus.groovy.runtime.callsite.AbstractCallSite.call(AbstractCallSite.java:113)
	at org.codehaus.groovy.runtime.callsite.AbstractCallSite.call(AbstractCallSite.java:125)
	at com.jayway.restassured.internal.ResponseSpecificationImpl.validateResponseIfRequired(ResponseSpecificationImpl.groovy:760)
	at sun.reflect.NativeMethodAccessorImpl.invoke0(Native Method)
	at sun.reflect.NativeMethodAccessorImpl.invoke(NativeMethodAccessorImpl.java:62)
	at sun.reflect.DelegatingMethodAccessorImpl.invoke(DelegatingMethodAccessorImpl.java:43)
	at java.lang.reflect.Method.invoke(Method.java:498)
	at org.codehaus.groovy.runtime.callsite.PogoMetaMethodSite$PogoCachedMethodSiteNoUnwrapNoCoerce.invoke(PogoMetaMethodSite.java:210)
	at org.codehaus.groovy.runtime.callsite.PogoMetaMethodSite.callCurrent(PogoMetaMethodSite.java:59)
	at org.codehaus.groovy.runtime.callsite.CallSiteArray.defaultCallCurrent(CallSiteArray.java:52)
	at org.codehaus.groovy.runtime.callsite.AbstractCallSite.callCurrent(AbstractCallSite.java:154)
	at org.codehaus.groovy.runtime.callsite.AbstractCallSite.callCurrent(AbstractCallSite.java:166)
	at com.jayway.restassured.internal.ResponseSpecificationImpl.content(ResponseSpecificationImpl.groovy:251)
	at com.jayway.restassured.specification.ResponseSpecification$content$0.callCurrent(Unknown Source)
	at org.codehaus.groovy.runtime.callsite.CallSiteArray.defaultCallCurrent(CallSiteArray.java:52)
	at org.codehaus.groovy.runtime.callsite.AbstractCallSite.callCurrent(AbstractCallSite.java:154)
	at org.codehaus.groovy.runtime.callsite.AbstractCallSite.callCurrent(AbstractCallSite.java:190)
	at com.jayway.restassured.internal.ResponseSpecificationImpl.body(ResponseSpecificationImpl.groovy:234)
	at com.jayway.restassured.internal.ValidatableResponseOptionsImpl.body(ValidatableResponseOptionsImpl.java:264)
	at version1.boardtestStatusCode(version1.java:34)
	at sun.reflect.NativeMethodAccessorImpl.invoke0(Native Method)
	at sun.reflect.NativeMethodAccessorImpl.invoke(NativeMethodAccessorImpl.java:62)
	at sun.reflect.DelegatingMethodAccessorImpl.invoke(DelegatingMethodAccessorImpl.java:43)
	at java.lang.reflect.Method.invoke(Method.java:498)
	at org.testng.internal.MethodInvocationHelper.invokeMethod(MethodInvocationHelper.java:86)
	at org.testng.internal.Invoker.invokeMethod(Invoker.java:643)
	at org.testng.internal.Invoker.invokeTestMethod(Invoker.java:820)
	at org.testng.internal.Invoker.invokeTestMethods(Invoker.java:1128)
	at org.testng.internal.TestMethodWorker.invokeTestMethods(TestMethodWorker.java:129)
	at org.testng.internal.TestMethodWorker.run(TestMethodWorker.java:112)
	at org.testng.TestRunner.privateRun(TestRunner.java:782)
	at org.testng.TestRunner.run(TestRunner.java:632)
	at org.testng.SuiteRunner.runTest(SuiteRunner.java:366)
	at org.testng.SuiteRunner.runSequentially(SuiteRunner.java:361)
	at org.testng.SuiteRunner.privateRun(SuiteRunner.java:319)
	at org.testng.SuiteRunner.run(SuiteRunner.java:268)
	at org.testng.SuiteRunnerWorker.runSuite(SuiteRunnerWorker.java:52)
	at org.testng.SuiteRunnerWorker.run(SuiteRunnerWorker.java:86)
	at org.testng.TestNG.runSuitesSequentially(TestNG.java:1244)
	at org.testng.TestNG.runSuitesLocally(TestNG.java:1169)
	at org.testng.TestNG.run(TestNG.java:1064)
	at org.testng.remote.AbstractRemoteTestNG.run(AbstractRemoteTestNG.java:132)
	at org.testng.remote.RemoteTestNG.initAndRun(RemoteTestNG.java:230)
	at org.testng.remote.RemoteTestNG.main(RemoteTestNG.java:76)
]]>
            </full-stacktrace>
          </exception> <!-- java.lang.AssertionError -->
          <reporter-output>
          </reporter-output>
        </test-method> <!-- boardtestStatusCode -->
        <test-method status="PASS" signature="newboard()[pri:2, instance:version1@29774679]" name="newboard" duration-ms="203" started-at="2017-07-19T14:32:28Z" finished-at="2017-07-19T14:32:28Z">
          <reporter-output>
          </reporter-output>
        </test-method> <!-- newboard -->
        <test-method status="PASS" signature="detailsofboard()[pri:3, instance:version1@29774679]" name="detailsofboard" duration-ms="75" started-at="2017-07-19T14:32:28Z" finished-at="2017-07-19T14:32:28Z">
          <reporter-output>
          </reporter-output>
        </test-method> <!-- detailsofboard -->
        <test-method status="PASS" signature="newPlayer_POST()[pri:4, instance:version1@29774679]" name="newPlayer_POST" duration-ms="363" started-at="2017-07-19T14:32:28Z" finished-at="2017-07-19T14:32:28Z">
          <reporter-output>
          </reporter-output>
        </test-method> <!-- newPlayer_POST -->
        <test-method status="PASS" signature="getplayerdetails()[pri:5, instance:version1@29774679]" name="getplayerdetails" duration-ms="191" started-at="2017-07-19T14:32:28Z" finished-at="2017-07-19T14:32:29Z">
          <reporter-output>
          </reporter-output>
        </test-method> <!-- getplayerdetails -->
        <test-method status="PASS" signature="updateplayerdetails()[pri:6, instance:version1@29774679]" name="updateplayerdetails" duration-ms="90" started-at="2017-07-19T14:32:29Z" finished-at="2017-07-19T14:32:29Z">
          <reporter-output>
          </reporter-output>
        </test-method> <!-- updateplayerdetails -->
      </class> <!-- version1 -->
    </test> <!-- Default test -->
  </suite> <!-- Default suite -->
</testng-results>
